<?xml version="1.0" encoding="utf-8" standalone="no"?>
<!--This file represents the results of running a test suite-->
<test-results name="D:\DemoTest\bin\Debug\ToolQA.dll" total="2" errors="2" failures="0" not-run="0" inconclusive="0" ignored="0" skipped="0" invalid="0" date="2017-07-15" time="10:51:05">
  <environment nunit-version="2.6.4.14350" clr-version="2.0.50727.8009" os-version="Microsoft Windows NT 6.2.9200.0" platform="Win32NT" cwd="C:\Program Files (x86)\NUnit 2.6.4\bin" machine-name="NIK-PC" user="nik" user-domain="nik-pc" />
  <culture-info current-culture="en-US" current-uiculture="en-US" />
  <test-suite type="Assembly" name="D:\DemoTest\bin\Debug\ToolQA.dll" executed="True" result="Failure" success="False" time="20.448" asserts="0">
    <results>
      <test-suite type="Namespace" name="TestCases" executed="True" result="Failure" success="False" time="20.430" asserts="0">
        <results>
          <test-suite type="TestFixture" name="TestSuites" executed="True" result="Failure" success="False" time="20.428" asserts="0">
            <results>
              <test-case name="TestCases.TestSuites.TC1_RegistrationWithValidData" executed="True" result="Error" success="False" time="10.232" asserts="0">
                <failure>
                  <message><![CDATA[System.NullReferenceException : Object reference not set to an instance of an object.]]></message>
                  <stack-trace><![CDATA[at Framework.PageObjects.RegisterObjects.RegistrationVerification() in d:\DemoTest\Framework\PageObjects\RegisterObjects.cs:line 218
at Framework.PageObjects.RegisterObjects.RegistrationVerification(IWebDriver driver) in d:\DemoTest\Framework\PageObjects\RegisterObjects.cs:line 197
at TestCases.Register.RegistrationVerification() in d:\DemoTest\TestCases\Register.cs:line 42
at TestCases.TestSuites.TC1_RegistrationWithValidData() in d:\DemoTest\TestCases\TestSuites.cs:line 58
]]></stack-trace>
                </failure>
              </test-case>
              <test-case name="TestCases.TestSuites.TC2_RegistrationWithInvallidData" executed="True" result="Error" success="False" time="10.042" asserts="0">
                <failure>
                  <message><![CDATA[System.NullReferenceException : Object reference not set to an instance of an object.]]></message>
                  <stack-trace><![CDATA[at Framework.PageObjects.RegisterObjects.RegistrationWithInvallidData() in d:\DemoTest\Framework\PageObjects\RegisterObjects.cs:line 51
at Framework.PageObjects.RegisterObjects.RegistrationWithInvallidData(IWebDriver driver) in d:\DemoTest\Framework\PageObjects\RegisterObjects.cs:line 30
at TestCases.Register.RegistrationWithInvallidData() in d:\DemoTest\TestCases\Register.cs:line 69
at TestCases.TestSuites.TC2_RegistrationWithInvallidData() in d:\DemoTest\TestCases\TestSuites.cs:line 82
]]></stack-trace>
                </failure>
              </test-case>
            </results>
          </test-suite>
        </results>
      </test-suite>
    </results>
  </test-suite>
</test-results>